\BOOKMARK [1][-]{section.1}{Probably marginal}{}% 1
\BOOKMARK [1][-]{section.2}{Need}{}% 2
\BOOKMARK [2][-]{subsection.2.1}{Calls for linking social and ecological systems: Social-Ecological Systems}{section.2}% 3
\BOOKMARK [3][-]{subsubsection.2.1.1}{Empirical examples}{subsection.2.1}% 4
\BOOKMARK [3][-]{subsubsection.2.1.2}{Modeling \(theoretical?\) examples}{subsection.2.1}% 5
\BOOKMARK [1][-]{section.3}{Fisheries systems as models}{}% 6
\BOOKMARK [2][-]{subsection.3.1}{Issues in Fisheries}{section.3}% 7
\BOOKMARK [3][-]{subsubsection.3.1.1}{Current state}{subsection.3.1}% 8
\BOOKMARK [3][-]{subsubsection.3.1.2}{Proposed management needs/solutions}{subsection.3.1}% 9
\BOOKMARK [3][-]{subsubsection.3.1.3}{What's wrong with fisheries?}{subsection.3.1}% 10
\BOOKMARK [3][-]{subsubsection.3.1.4}{How to fix the problems with fisheries? Often from a high-level}{subsection.3.1}% 11
\BOOKMARK [2][-]{subsection.3.2}{Fisheries are good model systems: calls for human behavior}{section.3}% 12
\BOOKMARK [2][-]{subsection.3.3}{Examples of fisheries as social-ecological systems generally}{section.3}% 13
\BOOKMARK [3][-]{subsubsection.3.3.1}{Anthropological approaches}{subsection.3.3}% 14
\BOOKMARK [3][-]{subsubsection.3.3.2}{Conservation related}{subsection.3.3}% 15
\BOOKMARK [3][-]{subsubsection.3.3.3}{Theoretical Ecology}{subsection.3.3}% 16
\BOOKMARK [3][-]{subsubsection.3.3.4}{Fisheries Management}{subsection.3.3}% 17
\BOOKMARK [2][-]{subsection.3.4}{Examples of papers considering harvesting behavior explicitly}{section.3}% 18
\BOOKMARK [2][-]{subsection.3.5}{The Issue of Effort}{section.3}% 19
\BOOKMARK [1][-]{section.4}{Ecological Approaches}{}% 20
\BOOKMARK [1][-]{section.5}{Methods}{}% 21
\BOOKMARK [2][-]{subsection.5.1}{Fisheries systems in social-ecological framework: conceptual terminology}{section.5}% 22
\BOOKMARK [3][-]{subsubsection.5.1.1}{Bioeconomic models}{subsection.5.1}% 23
\BOOKMARK [2][-]{subsection.5.2}{Foraging Theory}{section.5}% 24
\BOOKMARK [2][-]{subsection.5.3}{Models}{section.5}% 25
\BOOKMARK [3][-]{subsubsection.5.3.1}{Patch Model}{subsection.5.3}% 26
\BOOKMARK [3][-]{subsubsection.5.3.2}{VMS and ABMS}{subsection.5.3}% 27
\BOOKMARK [1][-]{section.6}{Uncategorized}{}% 28
\BOOKMARK [2][-]{subsection.6.1}{Phenomena}{section.6}% 29
\BOOKMARK [2][-]{subsection.6.2}{Effort in fisheries}{section.6}% 30
\BOOKMARK [2][-]{subsection.6.3}{General SES}{section.6}% 31
