\BOOKMARK [1][-]{section.1}{Questions}{}% 1
\BOOKMARK [1][-]{section.2}{Literature Review}{}% 2
\BOOKMARK [2][-]{subsection.2.1}{Harvesting strategies in the fishing literature}{section.2}% 3
\BOOKMARK [3][-]{subsubsection.2.1.1}{Quantifying fishing effort: a synthesis of current methods and their applications - McCluskeyetal:2008}{subsection.2.1}% 4
\BOOKMARK [3][-]{subsubsection.2.1.2}{Fleet dynamics and fishermen behavior: lessons for fisheries managers- Branchetal:2006}{subsection.2.1}% 5
\BOOKMARK [3][-]{subsubsection.2.1.3}{Effect of habitat patchiness on the catch rates of a Mediterranean coastal bottom long-line fishery Stobartetal:2012}{subsection.2.1}% 6
\BOOKMARK [3][-]{subsubsection.2.1.4}{Folly and fantasy in the analysis of spatial catch rate data - Walters:2003}{subsection.2.1}% 7
\BOOKMARK [3][-]{subsubsection.2.1.5}{An investigation of human vs. technology-induced variation in catchability for a selection of European fishing fleets \205 Mahevasetal:2011}{subsection.2.1}% 8
\BOOKMARK [3][-]{subsubsection.2.1.6}{Least squares estimates of the Schaefer production model: some Monte Carlo simulation results - Uhler:1980}{subsection.2.1}% 9
\BOOKMARK [3][-]{subsubsection.2.1.7}{Fishery management under multiple uncertainty \205 Sethietal:2005}{subsection.2.1}% 10
\BOOKMARK [3][-]{subsubsection.2.1.8}{Fisheries management with stock growth uncertainty and costly capital adjustment \205 Singhetal:2006}{subsection.2.1}% 11
\BOOKMARK [3][-]{subsubsection.2.1.9}{Effects of management tactics on meeting conservation objectives for Western North American groundfish fisheries \205 Melnychuketal:2012}{subsection.2.1}% 12
\BOOKMARK [3][-]{subsubsection.2.1.10}{Characterizing fishing effort and spatial extent of coastal fisheries \205 Stewartetal:2010}{subsection.2.1}% 13
\BOOKMARK [3][-]{subsubsection.2.1.11}{A step towards seascape scale conservation: using vessel monitoring systems \(VMS\) to map fishing activity \205WittGodley:2007}{subsection.2.1}% 14
\BOOKMARK [3][-]{subsubsection.2.1.12}{Uncertainty, search, and information in fisheries\205 MangelClark:1983}{subsection.2.1}% 15
\BOOKMARK [3][-]{subsubsection.2.1.13}{Aggregation and fishery dynamics: a theoretical of schooling and the purse seine tuna fisheries \205 ClarkMangel:1979}{subsection.2.1}% 16
\BOOKMARK [3][-]{subsubsection.2.1.14}{Fishing for knowledge \205 Wilson:1990}{subsection.2.1}% 17
\BOOKMARK [3][-]{subsubsection.2.1.15}{Can management measures ensure the biological and economical stabilizability of a fishing model?\205 JerryRaissi:2010}{subsection.2.1}% 18
\BOOKMARK [3][-]{subsubsection.2.1.16}{The use of optimal foraging theory in the understanding of fishing strategies: A case from Sepetiba Bay \(Rio de Janeiro State, Brazil\) \205 Begossi:1992}{subsection.2.1}% 19
\BOOKMARK [3][-]{subsubsection.2.1.17}{The use of optimal foraging theory to assess the fishing strategies of Pacific Island artisanal fishers: A methodological review \205 Aswani:1998}{subsection.2.1}% 20
\BOOKMARK [3][-]{subsubsection.2.1.18}{The lobster fiefs: economic and ecological effects of territoriality in the Maine lobster industry \205 Acheson:1975}{subsection.2.1}% 21
\BOOKMARK [3][-]{subsubsection.2.1.19}{Location choice in New England trawl fisheries: old habits die hard \205 HollandSutinen:2000}{subsection.2.1}% 22
\BOOKMARK [3][-]{subsubsection.2.1.20}{Ludwig's Ratchet and the Collapse of New England Groundfish Stocks \205 HennesseyHealey:2000}{subsection.2.1}% 23
\BOOKMARK [3][-]{subsubsection.2.1.21}{The Social Aspects of Fishing Effort \205 Gezelius:2007}{subsection.2.1}% 24
\BOOKMARK [3][-]{subsubsection.2.1.22}{Fishing in Alaska, and the sharing of information \205 Orth:1987}{subsection.2.1}% 25
\BOOKMARK [3][-]{subsubsection.2.1.23}{Kin-selection, reciprocal altruism, and information sharing among Maine lobstermen \205 Palmer:1991}{subsection.2.1}% 26
\BOOKMARK [3][-]{subsubsection.2.1.24}{Ode to the Sea: The socio-ecological underpinnings of social norms \205 Leibbrandtetal:ND}{subsection.2.1}% 27
\BOOKMARK [3][-]{subsubsection.2.1.25}{Models for fishing and models of success \205 Palsson:1988}{subsection.2.1}% 28
\BOOKMARK [3][-]{subsubsection.2.1.26}{What you know is who you know? Communication patterns among resource users as a prerequisite for co-management\205 CronaBodin:2006}{subsection.2.1}% 29
\BOOKMARK [3][-]{subsubsection.2.1.27}{To dream of fish: the causes of Icelandic skippers' fishing success \205 PalssonDurrenberger:1982}{subsection.2.1}% 30
\BOOKMARK [3][-]{subsubsection.2.1.28}{finding fish: the tactics of Icelandic skippers\205DurrenbergePalsson:nd}{subsection.2.1}% 31
\BOOKMARK [2][-]{subsection.2.2}{Foraging Theory}{section.2}% 32
\BOOKMARK [3][-]{subsubsection.2.2.1}{Charnov:1976}{subsection.2.2}% 33
\BOOKMARK [3][-]{subsubsection.2.2.2}{MacArthurPianka:1966}{subsection.2.2}% 34
\BOOKMARK [3][-]{subsubsection.2.2.3}{Gaylordetal:2005}{subsection.2.2}% 35
