\BOOKMARK [0][-]{chapter.1}{Literature Review}{}% 1
\BOOKMARK [1][-]{section.1.1}{Harvesting strategies in the fishing literature}{chapter.1}% 2
\BOOKMARK [1][-]{section.1.2}{Foraging strategies in the ecological literature}{chapter.1}% 3
\BOOKMARK [1][-]{section.1.3}{Social Ecological Systems}{chapter.1}% 4
\BOOKMARK [2][-]{subsection.1.3.1}{Marine Protected Areas as a Case Study}{section.1.3}% 5
\BOOKMARK [0][-]{chapter.2}{Proposal}{}% 6
\BOOKMARK [1][-]{section.2.1}{How do the complex spatial dynamics of fish and fisherman affect the performance of traditional fisheries management?}{chapter.2}% 7
\BOOKMARK [2][-]{subsection.2.1.1}{Introduction}{section.2.1}% 8
\BOOKMARK [2][-]{subsection.2.1.2}{Proposed Methods}{section.2.1}% 9
\BOOKMARK [2][-]{subsection.2.1.3}{Expected Results}{section.2.1}% 10
\BOOKMARK [1][-]{section.2.2}{Does adaptive behavior in fishermen affect the efficacy of an MPA?}{chapter.2}% 11
\BOOKMARK [2][-]{subsection.2.2.1}{Introduction}{section.2.2}% 12
\BOOKMARK [2][-]{subsection.2.2.2}{Proposed Methods \205 Theoretical}{section.2.2}% 13
\BOOKMARK [2][-]{subsection.2.2.3}{Proposed Methods \205 Empirical}{section.2.2}% 14
\BOOKMARK [2][-]{subsection.2.2.4}{Expected Results}{section.2.2}% 15
\BOOKMARK [1][-]{section.2.3}{Does the composition of the fleet affect how strategy should change in response to a MPA?}{chapter.2}% 16
\BOOKMARK [2][-]{subsection.2.3.1}{Introduction}{section.2.3}% 17
\BOOKMARK [2][-]{subsection.2.3.2}{Methods \205 Empirical}{section.2.3}% 18
\BOOKMARK [2][-]{subsection.2.3.3}{Expected Results}{section.2.3}% 19
\BOOKMARK [2][-]{subsection.2.3.4}{Introduction}{section.2.3}% 20
\BOOKMARK [2][-]{subsection.2.3.5}{Methods}{section.2.3}% 21
\BOOKMARK [2][-]{subsection.2.3.6}{Expected Results}{section.2.3}% 22
\BOOKMARK [0][-]{chapter.3}{Conclusion}{}% 23
